<?xml version="1.0" encoding="UTF-8" ?>
<testsuite tests="1" failures="1" name="edu.ncsu.csc326.coffeemaker.ITMain" time="1.131" errors="0" skipped="0">
  <properties>
[...]
</properties>
  <testcase classname="edu.ncsu.csc326.coffeemaker.ITMain" name="test" time="1.131">
    <failure message="expected:&lt;1&gt; but was:&lt;&gt;" type="junit.framework.ComparisonFailure">junit.framework.ComparisonFailure: expected:&lt;1&gt; but was:&lt;&gt;
	at junit.framework.Assert.assertEquals(Assert.java:81)
	at junit.framework.Assert.assertEquals(Assert.java:87)
	at edu.ncsu.csc326.coffeemaker.ITMain.test(ITMain.java:45)
</failure>
  </testcase>
</testsuite>